p/crop492.jpg 1 0 0 27 27
p/crop493.jpg 1 0 0 28 28
p/crop494.jpg 1 0 0 28 28
p/crop495.jpg 1 0 0 28 28
p/crop496.jpg 1 0 0 28 28
p/crop497.jpg 1 0 0 30 30
p/crop498.jpg 1 0 0 29 29
p/crop499.jpg 1 0 0 31 31
p/crop500.jpg 1 0 0 33 33
p/crop501.jpg 1 0 0 33 33
p/crop502.jpg 1 0 0 33 33
p/crop503.jpg 1 0 0 32 32
p/crop470.jpg 1 0 0 27 27
p/crop471.jpg 1 0 0 28 28
p/crop472.jpg 1 0 0 28 28
p/crop473.jpg 1 0 0 28 28
p/crop474.jpg 1 0 0 29 29
p/crop475.jpg 1 0 0 29 29
p/crop476.jpg 1 0 0 29 29
p/crop477.jpg 1 0 0 28 28
p/crop478.jpg 1 0 0 29 29
p/crop479.jpg 1 0 0 31 31
p/crop480.jpg 1 0 0 31 31
p/crop481.jpg 1 0 0 29 29
p/crop482.jpg 1 0 0 32 32
p/crop483.jpg 1 0 0 32 32
p/crop484.jpg 1 0 0 33 33
p/crop485.jpg 1 0 0 33 33
p/crop486.jpg 1 0 0 34 34
p/crop487.jpg 1 0 0 39 39
p/crop488.jpg 1 0 0 36 36
p/crop489.jpg 1 0 0 41 41
p/crop490.jpg 1 0 0 43 43
p/crop491.jpg 1 0 0 50 50
p/crop439.jpg 1 0 0 28 28
p/crop440.jpg 1 0 0 27 27
p/crop441.jpg 1 0 0 28 28
p/crop442.jpg 1 0 0 30 30
p/crop443.jpg 1 0 0 28 28
p/crop444.jpg 1 0 0 27 27
p/crop445.jpg 1 0 0 28 28
p/crop446.jpg 1 0 0 28 28
p/crop447.jpg 1 0 0 29 29
p/crop448.jpg 1 0 0 29 29
p/crop449.jpg 1 0 0 31 31
p/crop450.jpg 1 0 0 30 30
p/crop451.jpg 1 0 0 34 34
p/crop452.jpg 1 0 0 31 31
p/crop453.jpg 1 0 0 36 36
p/crop454.jpg 1 0 0 34 34
p/crop455.jpg 1 0 0 38 38
p/crop456.jpg 1 0 0 33 33
p/crop457.jpg 1 0 0 39 39
p/crop458.jpg 1 0 0 35 35
p/crop459.jpg 1 0 0 42 42
p/crop460.jpg 1 0 0 38 38
p/crop461.jpg 1 0 0 46 46
p/crop462.jpg 1 0 0 44 44
p/crop463.jpg 1 0 0 48 48
p/crop464.jpg 1 0 0 47 47
p/crop465.jpg 1 0 0 52 52
p/crop466.jpg 1 0 0 49 49
p/crop467.jpg 1 0 0 56 56
p/crop468.jpg 1 0 0 51 51
p/crop469.jpg 1 0 0 55 55
p/crop409.jpg 1 0 0 27 27
p/crop410.jpg 1 0 0 29 29
p/crop411.jpg 1 0 0 28 28
p/crop412.jpg 1 0 0 29 29
p/crop413.jpg 1 0 0 27 27
p/crop414.jpg 1 0 0 29 29
p/crop415.jpg 1 0 0 30 30
p/crop416.jpg 1 0 0 29 29
p/crop417.jpg 1 0 0 34 34
p/crop418.jpg 1 0 0 30 30
p/crop419.jpg 1 0 0 36 36
p/crop420.jpg 1 0 0 33 33
p/crop421.jpg 1 0 0 41 41
p/crop422.jpg 1 0 0 35 35
p/crop426.jpg 1 0 0 38 38
p/crop427.jpg 1 0 0 44 44
p/crop428.jpg 1 0 0 53 53
p/crop429.jpg 1 0 0 46 46
p/crop430.jpg 1 0 0 55 55
p/crop431.jpg 1 0 0 49 49
p/crop432.jpg 1 0 0 59 59
p/crop433.jpg 1 0 0 53 53
p/crop434.jpg 1 0 0 62 62
p/crop435.jpg 1 0 0 69 69
p/crop436.jpg 1 0 0 77 77
p/crop437.jpg 1 0 0 87 87
p/crop438.jpg 1 0 0 98 98
p/crop408.jpg 1 0 0 27 27
p/crop398.jpg 1 0 0 27 27
p/crop399.jpg 1 0 0 27 27
p/crop400.jpg 1 0 0 29 29
p/crop401.jpg 1 0 0 31 31
p/crop402.jpg 1 0 0 36 36
p/crop403.jpg 1 0 0 40 40
p/crop404.jpg 1 0 0 62 62
p/crop378.jpg 1 0 0 30 30
p/crop379.jpg 1 0 0 28 28
p/crop380.jpg 1 0 0 31 31
p/crop381.jpg 1 0 0 28 28
p/crop382.jpg 1 0 0 34 34
p/crop383.jpg 1 0 0 36 36
p/crop384.jpg 1 0 0 36 36
p/crop385.jpg 1 0 0 40 40
p/crop386.jpg 1 0 0 41 41
p/crop387.jpg 1 0 0 44 44
p/crop388.jpg 1 0 0 43 43
p/crop389.jpg 1 0 0 44 44
p/crop390.jpg 1 0 0 47 47
p/crop391.jpg 1 0 0 50 50
p/crop392.jpg 1 0 0 50 50
p/crop393.jpg 1 0 0 55 55
p/crop394.jpg 1 0 0 62 62
p/crop373.jpg 1 0 0 28 28
p/crop374.jpg 1 0 0 28 28
p/crop375.jpg 1 0 0 29 29
p/crop376.jpg 1 0 0 29 29
p/crop377.jpg 1 0 0 28 28
p/crop351.jpg 1 0 0 28 28
p/crop352.jpg 1 0 0 28 28
p/crop353.jpg 1 0 0 30 30
p/crop354.jpg 1 0 0 29 29
p/crop356.jpg 1 0 0 30 30
p/crop357.jpg 1 0 0 29 29
p/crop358.jpg 1 0 0 30 30
p/crop359.jpg 1 0 0 31 31
p/crop360.jpg 1 0 0 32 32
p/crop361.jpg 1 0 0 32 32
p/crop362.jpg 1 0 0 33 33
p/crop363.jpg 1 0 0 34 34
p/crop365.jpg 1 0 0 31 31
p/crop366.jpg 1 0 0 33 33
p/crop367.jpg 1 0 0 43 43
p/crop368.jpg 1 0 0 40 40
p/crop369.jpg 1 0 0 44 44
p/crop370.jpg 1 0 0 47 47
p/crop328.jpg 1 0 0 27 27
p/crop329.jpg 1 0 0 27 27
p/crop332.jpg 1 0 0 29 29
p/crop333.jpg 1 0 0 34 34
p/crop334.jpg 1 0 0 43 43
p/crop307.jpg 1 0 0 26 26
p/crop308.jpg 1 0 0 28 28
p/crop309.jpg 1 0 0 27 27
p/crop310.jpg 1 0 0 28 28
p/crop311.jpg 1 0 0 27 27
p/crop312.jpg 1 0 0 30 30
p/crop313.jpg 1 0 0 30 30
p/crop314.jpg 1 0 0 29 29
p/crop315.jpg 1 0 0 32 32
p/crop316.jpg 1 0 0 33 33
p/crop318.jpg 1 0 0 35 35
p/crop319.jpg 1 0 0 34 34
p/crop320.jpg 1 0 0 35 35
p/crop321.jpg 1 0 0 34 34
p/crop322.jpg 1 0 0 37 37
p/crop323.jpg 1 0 0 39 39
p/crop324.jpg 1 0 0 42 42
p/crop325.jpg 1 0 0 45 45
p/crop327.jpg 1 0 0 42 42
p/crop306.jpg 1 0 0 77 77
p/crop272.jpg 1 0 0 28 28
p/crop273.jpg 1 0 0 27 27
p/crop274.jpg 1 0 0 28 28
p/crop275.jpg 1 0 0 29 29
p/crop276.jpg 1 0 0 28 28
p/crop277.jpg 1 0 0 30 30
p/crop278.jpg 1 0 0 31 31
p/crop246.jpg 1 0 0 28 28
p/crop247.jpg 1 0 0 31 31
p/crop248.jpg 1 0 0 29 29
p/crop249.jpg 1 0 0 30 30
p/crop250.jpg 1 0 0 36 36
p/crop251.jpg 1 0 0 32 32
p/crop252.jpg 1 0 0 31 31
p/crop253.jpg 1 0 0 37 37
p/crop254.jpg 1 0 0 38 38
p/crop255.jpg 1 0 0 34 34
p/crop256.jpg 1 0 0 37 37
p/crop240.jpg 1 0 0 30 30
p/crop230.jpg 1 0 0 28 28
p/crop231.jpg 1 0 0 28 28
p/crop232.jpg 1 0 0 28 28
p/crop233.jpg 1 0 0 28 28
p/crop234.jpg 1 0 0 30 30
p/crop235.jpg 1 0 0 28 28
p/crop236.jpg 1 0 0 29 29
p/crop237.jpg 1 0 0 29 29
p/crop238.jpg 1 0 0 30 30
p/crop239.jpg 1 0 0 31 31
p/crop205.jpg 1 0 0 29 29
p/crop206.jpg 1 0 0 31 31
p/crop207.jpg 1 0 0 34 34
p/crop208.jpg 1 0 0 34 34
p/crop209.jpg 1 0 0 35 35
p/crop210.jpg 1 0 0 37 37
p/crop211.jpg 1 0 0 36 36
p/crop212.jpg 1 0 0 38 38
p/crop213.jpg 1 0 0 35 35
p/crop214.jpg 1 0 0 41 41
p/crop215.jpg 1 0 0 42 42
p/crop216.jpg 1 0 0 40 40
p/crop217.jpg 1 0 0 45 45
p/crop218.jpg 1 0 0 45 45
p/crop219.jpg 1 0 0 48 48
p/crop220.jpg 1 0 0 48 48
p/crop221.jpg 1 0 0 53 53
p/crop222.jpg 1 0 0 53 53
p/crop223.jpg 1 0 0 51 51
p/crop224.jpg 1 0 0 53 53
p/crop225.jpg 1 0 0 51 51
p/crop226.jpg 1 0 0 54 54
p/crop227.jpg 1 0 0 53 53
p/crop228.jpg 1 0 0 58 58
p/crop229.jpg 1 0 0 60 60
p/crop197.jpg 1 0 0 27 27
p/crop198.jpg 1 0 0 26 26
p/crop199.jpg 1 0 0 28 28
p/crop200.jpg 1 0 0 30 30
p/crop201.jpg 1 0 0 28 28
p/crop202.jpg 1 0 0 28 28
p/crop203.jpg 1 0 0 30 30
p/crop204.jpg 1 0 0 29 29
p/crop190.jpg 1 0 0 41 41
p/crop191.jpg 1 0 0 40 40
p/crop192.jpg 1 0 0 46 46
p/crop193.jpg 1 0 0 48 48
p/crop194.jpg 1 0 0 51 51
p/crop195.jpg 1 0 0 48 48
p/crop196.jpg 1 0 0 50 50
p/crop180.jpg 1 0 0 27 27
p/crop181.jpg 1 0 0 27 27
p/crop182.jpg 1 0 0 30 30
p/crop183.jpg 1 0 0 30 30
p/crop184.jpg 1 0 0 31 31
p/crop185.jpg 1 0 0 32 32
p/crop186.jpg 1 0 0 33 33
p/crop187.jpg 1 0 0 35 35
p/crop188.jpg 1 0 0 38 38
p/crop189.jpg 1 0 0 36 36
p/crop155.jpg 1 0 0 27 27
p/crop156.jpg 1 0 0 26 26
p/crop157.jpg 1 0 0 27 27
p/crop158.jpg 1 0 0 28 28
p/crop159.jpg 1 0 0 28 28
p/crop160.jpg 1 0 0 29 29
p/crop161.jpg 1 0 0 28 28
p/crop162.jpg 1 0 0 29 29
p/crop163.jpg 1 0 0 27 27
p/crop164.jpg 1 0 0 28 28
p/crop165.jpg 1 0 0 30 30
p/crop166.jpg 1 0 0 30 30
p/crop167.jpg 1 0 0 31 31
p/crop168.jpg 1 0 0 31 31
p/crop169.jpg 1 0 0 30 30
p/crop170.jpg 1 0 0 30 30
p/crop171.jpg 1 0 0 34 34
p/crop172.jpg 1 0 0 34 34
p/crop173.jpg 1 0 0 35 35
p/crop174.jpg 1 0 0 35 35
p/crop175.jpg 1 0 0 35 35
p/crop176.jpg 1 0 0 34 34
p/crop148.jpg 1 0 0 27 27
p/crop149.jpg 1 0 0 27 27
p/crop150.jpg 1 0 0 28 28
p/crop151.jpg 1 0 0 29 29
p/crop152.jpg 1 0 0 28 28
p/crop153.jpg 1 0 0 32 32
p/crop100.jpg 1 0 0 27 27
p/crop101.jpg 1 0 0 26 26
p/crop102.jpg 1 0 0 26 26
p/crop103.jpg 1 0 0 28 28
p/crop104.jpg 1 0 0 28 28
p/crop105.jpg 1 0 0 27 27
p/crop106.jpg 1 0 0 28 28
p/crop107.jpg 1 0 0 27 27
p/crop108.jpg 1 0 0 30 30
p/crop109.jpg 1 0 0 29 29
p/crop110.jpg 1 0 0 28 28
p/crop111.jpg 1 0 0 29 29
p/crop112.jpg 1 0 0 29 29
p/crop113.jpg 1 0 0 28 28
p/crop114.jpg 1 0 0 32 32
p/crop115.jpg 1 0 0 28 28
p/crop116.jpg 1 0 0 29 29
p/crop117.jpg 1 0 0 29 29
p/crop118.jpg 1 0 0 33 33
p/crop119.jpg 1 0 0 32 32
p/crop120.jpg 1 0 0 34 34
p/crop121.jpg 1 0 0 31 31
p/crop122.jpg 1 0 0 34 34
p/crop123.jpg 1 0 0 32 32
p/crop124.jpg 1 0 0 37 37
p/crop125.jpg 1 0 0 36 36
p/crop126.jpg 1 0 0 35 35
p/crop127.jpg 1 0 0 33 33
p/crop128.jpg 1 0 0 41 41
p/crop129.jpg 1 0 0 34 34
p/crop130.jpg 1 0 0 43 43
p/crop131.jpg 1 0 0 40 40
p/crop132.jpg 1 0 0 48 48
p/crop133.jpg 1 0 0 41 41
p/crop134.jpg 1 0 0 47 47
p/crop135.jpg 1 0 0 40 40
p/crop136.jpg 1 0 0 50 50
p/crop137.jpg 1 0 0 40 40
p/crop138.jpg 1 0 0 51 51
p/crop139.jpg 1 0 0 48 48
p/crop140.jpg 1 0 0 52 52
p/crop141.jpg 1 0 0 54 54
p/crop142.jpg 1 0 0 55 55
p/crop143.jpg 1 0 0 56 56
p/crop144.jpg 1 0 0 59 59
p/crop145.jpg 1 0 0 63 63
p/crop146.jpg 1 0 0 61 61
p/crop147.jpg 1 0 0 58 58
p/crop91.jpg 1 0 0 27 27
p/crop47.jpg 1 0 0 27 27
p/crop48.jpg 1 0 0 27 27
p/crop49.jpg 1 0 0 28 28
p/crop50.jpg 1 0 0 30 30
p/crop51.jpg 1 0 0 30 30
p/crop52.jpg 1 0 0 30 30
p/crop53.jpg 1 0 0 28 28
p/crop54.jpg 1 0 0 30 30
p/crop55.jpg 1 0 0 28 28
p/crop56.jpg 1 0 0 29 29
p/crop57.jpg 1 0 0 30 30
p/crop58.jpg 1 0 0 31 31
p/crop59.jpg 1 0 0 27 27
p/crop60.jpg 1 0 0 32 32
p/crop61.jpg 1 0 0 31 31
p/crop62.jpg 1 0 0 34 34
p/crop63.jpg 1 0 0 31 31
p/crop64.jpg 1 0 0 34 34
p/crop65.jpg 1 0 0 34 34
p/crop66.jpg 1 0 0 34 34
p/crop67.jpg 1 0 0 33 33
p/crop68.jpg 1 0 0 35 35
p/crop69.jpg 1 0 0 34 34
p/crop70.jpg 1 0 0 41 41
p/crop71.jpg 1 0 0 36 36
p/crop72.jpg 1 0 0 42 42
p/crop73.jpg 1 0 0 40 40
p/crop74.jpg 1 0 0 47 47
p/crop75.jpg 1 0 0 43 43
p/crop76.jpg 1 0 0 48 48
p/crop77.jpg 1 0 0 44 44
p/crop78.jpg 1 0 0 49 49
p/crop79.jpg 1 0 0 49 49
p/crop80.jpg 1 0 0 51 51
p/crop81.jpg 1 0 0 54 54
p/crop82.jpg 1 0 0 54 54
p/crop83.jpg 1 0 0 55 55
p/crop84.jpg 1 0 0 56 56
p/crop85.jpg 1 0 0 58 58
p/crop86.jpg 1 0 0 60 60
p/crop87.jpg 1 0 0 64 64
p/crop88.jpg 1 0 0 63 63
p/crop89.jpg 1 0 0 65 65
p/crop90.jpg 1 0 0 64 64
p/crop44.jpg 1 0 0 26 26
p/crop45.jpg 1 0 0 26 26
p/crop46.jpg 1 0 0 27 27
p/crop36.jpg 1 0 0 27 27
p/crop37.jpg 1 0 0 27 27
p/crop38.jpg 1 0 0 28 28
p/crop39.jpg 1 0 0 29 29
p/crop40.jpg 1 0 0 28 28
p/crop41.jpg 1 0 0 31 31
p/crop42.jpg 1 0 0 30 30
p/crop43.jpg 1 0 0 30 30
p/crop30.jpg 1 0 0 43 43
p/crop31.jpg 1 0 0 58 58
p/crop32.jpg 1 0 0 66 66
p/crop33.jpg 1 0 0 69 69
p/crop34.jpg 1 0 0 78 78
p/crop35.jpg 1 0 0 81 81
p/crop1.jpg 1 0 0 26 26
p/crop10.jpg 1 0 0 30 30
p/crop11.jpg 1 0 0 31 31
p/crop12.jpg 1 0 0 33 33
p/crop13.jpg 1 0 0 30 30
p/crop14.jpg 1 0 0 35 35
p/crop15.jpg 1 0 0 32 32
p/crop16.jpg 1 0 0 38 38
p/crop17.jpg 1 0 0 35 35
p/crop18.jpg 1 0 0 41 41
p/crop19.jpg 1 0 0 35 35
p/crop2.jpg 1 0 0 26 26
p/crop20.jpg 1 0 0 41 41
p/crop21.jpg 1 0 0 37 37
p/crop22.jpg 1 0 0 37 37
p/crop23.jpg 1 0 0 45 45
p/crop24.jpg 1 0 0 37 37
p/crop25.jpg 1 0 0 48 48
p/crop26.jpg 1 0 0 38 38
p/crop27.jpg 1 0 0 54 54
p/crop28.jpg 1 0 0 38 38
p/crop29.jpg 1 0 0 56 56
p/crop3.jpg 1 0 0 28 28
p/crop4.jpg 1 0 0 27 27
p/crop5.jpg 1 0 0 28 28
p/crop6.jpg 1 0 0 30 30
p/crop7.jpg 1 0 0 29 29
p/crop8.jpg 1 0 0 29 29
p/crop9.jpg 1 0 0 30 30
p/1580300555714.jpg 1 0 0 74 74
p/1580300552451.jpg 1 0 0 76 76
p/1580300546511.jpg 1 0 0 53 53
p/1580300542247.jpg 1 0 0 60 60
p/1580300536818.jpg 1 0 0 57 57
p/1580300531761.jpg 1 0 0 52 52
p/1580300250955.jpg 1 0 0 48 48
p/1580300247865.jpg 1 0 0 48 48
p/1580300239366.jpg 1 0 0 41 41
p/1580300232449.jpg 1 0 0 39 39
p/1580300224401.jpg 1 0 0 37 37
p/1580300219994.jpg 1 0 0 38 38
p/1580300200477.jpg 1 0 0 37 37
p/1580300198322.jpg 1 0 0 38 38
p/1580300192667.jpg 1 0 0 35 35
p/1580300190190.jpg 1 0 0 33 33
p/1580300171405.jpg 1 0 0 29 29
p/1580300168059.jpg 1 0 0 26 26
p/1580299878174.jpg 1 0 0 42 42
p/1580299874326.jpg 1 0 0 40 40
p/1580299870358.jpg 1 0 0 38 38
p/1580299863758.jpg 1 0 0 33 33
p/1580299861029.jpg 1 0 0 32 32
p/1580299836909.jpg 1 0 0 32 32
p/1580299832886.jpg 1 0 0 31 31
p/1580299822503.jpg 1 0 0 30 30
p/1580299818461.jpg 1 0 0 29 29
p/1580299797013.jpg 1 0 0 30 30
p/1580299789407.jpg 1 0 0 29 29
p/1580299781910.jpg 1 0 0 27 27
p/1580299776139.jpg 1 0 0 27 27
p/1580299755670.jpg 1 0 0 23 23
p/1580299750862.jpg 1 0 0 27 27
p/1580299747296.jpg 1 0 0 25 25
p/1580299743958.jpg 1 0 0 25 25
p/1580299161217.jpg 1 0 0 44 44
p/1580299156166.jpg 1 0 0 45 45
p/1580299149328.jpg 1 0 0 40 40
p/1580299145441.jpg 1 0 0 41 41
p/1580298452804.jpg 1 0 0 22 22
p/1580298423904.jpg 1 0 0 30 30
p/1580298421053.jpg 1 0 0 23 23
p/1580298414070.jpg 1 0 0 25 25
p/1580298410991.jpg 1 0 0 24 24
p/1580298304148.jpg 1 0 0 21 21
p/1580298190226.jpg 1 0 0 22 22
p/1580298172543.jpg 1 0 0 26 26
p/1580297618653.jpg 1 0 0 41 41
p/1580297431252.jpg 1 0 0 43 43
p/1580297427982.jpg 1 0 0 40 40
p/1580297419806.jpg 1 0 0 33 33
p/1580297416341.jpg 1 0 0 30 30
p/1580297361119.jpg 1 0 0 31 31
p/1580297357866.jpg 1 0 0 29 29
p/1580297350395.jpg 1 0 0 23 23
p/1580297346863.jpg 1 0 0 21 21
p/1580297342504.jpg 1 0 0 21 21
p/1580297338590.jpg 1 0 0 23 23
p/1580297179000.jpg 1 0 0 17 17
p/1580297175190.jpg 1 0 0 19 19
p/1580296577468.jpg 1 0 0 30 30
p/1580296573366.jpg 1 0 0 28 28
p/1580296565723.jpg 1 0 0 29 29
p/1580294151634.jpg 1 0 0 25 25
p/1580294145717.jpg 1 0 0 22 22
p/1580294141894.jpg 1 0 0 23 23
p/1580294139147.jpg 1 0 0 23 23
p/1580294135217.jpg 1 0 0 22 22
p/1580294132221.jpg 1 0 0 21 21
p/1580294129053.jpg 1 0 0 18 18
p/1580294124286.jpg 1 0 0 24 24
p/1580293474305.jpg 1 0 0 44 44
p/1580293263551.jpg 1 0 0 41 41
p/1580293258652.jpg 1 0 0 34 34
p/1580293076452.jpg 1 0 0 40 40
p/1580292734557.jpg 1 0 0 23 23
p/1580292726615.jpg 1 0 0 21 21
p/1580292719143.jpg 1 0 0 16 16
p/1580292590961.jpg 1 0 0 68 68
p/1580292586381.jpg 1 0 0 57 57
p/1580292566745.jpg 1 0 0 53 53
p/1580292562680.jpg 1 0 0 50 50
p/1580292556248.jpg 1 0 0 46 46
p/1580292549695.jpg 1 0 0 36 36
p/1580292422284.jpg 1 0 0 36 36
p/1580292418343.jpg 1 0 0 42 42
p/1580292386724.jpg 1 0 0 31 31
p/1580292379475.jpg 1 0 0 33 33
p/1580292367814.jpg 1 0 0 31 31
p/1580292363214.jpg 1 0 0 31 31
p/1580292359250.jpg 1 0 0 29 29
p/1580292354102.jpg 1 0 0 30 30
p/1580292350316.jpg 1 0 0 29 29
p/1580292346030.jpg 1 0 0 27 27
p/1580292342007.jpg 1 0 0 27 27
p/1580292338361.jpg 1 0 0 27 27
p/1580292333191.jpg 1 0 0 26 26
p/1580292329925.jpg 1 0 0 27 27
p/1580292325469.jpg 1 0 0 26 26
p/1580292321308.jpg 1 0 0 24 24
p/1580292314300.jpg 1 0 0 26 26
p/1580292309514.jpg 1 0 0 23 23
p/1580292293597.jpg 1 0 0 24 24
p/1580292288910.jpg 1 0 0 24 24
p/1580292266923.jpg 1 0 0 23 23
p/1580292263301.jpg 1 0 0 23 23
p/1580292258226.jpg 1 0 0 23 23
p/1580292255178.jpg 1 0 0 22 22
p/1580292251140.jpg 1 0 0 20 20
p/1580292247790.jpg 1 0 0 23 23
p/1580292243838.jpg 1 0 0 24 24
p/1580292240143.jpg 1 0 0 20 20
p/1580292183598.jpg 1 0 0 21 21
p/1580292179670.jpg 1 0 0 19 19
p/1580291765776.jpg 1 0 0 42 42
p/1580291756466.jpg 1 0 0 39 39
p/1580291709955.jpg 1 0 0 39 39
p/1580291519265.jpg 1 0 0 32 32
p/1580291489371.jpg 1 0 0 31 31
p/1580291484736.jpg 1 0 0 28 28
p/1580291478591.jpg 1 0 0 64 64
p/1580291472294.jpg 1 0 0 30 30
p/1580291464875.jpg 1 0 0 56 56
p/1580291358486.jpg 1 0 0 29 29
p/1580291355410.jpg 1 0 0 55 55
p/1580291349669.jpg 1 0 0 28 28
p/1580291346362.jpg 1 0 0 54 54
p/1580291340755.jpg 1 0 0 25 25
p/1580291337746.jpg 1 0 0 45 45
p/1580291331057.jpg 1 0 0 25 25
p/1580291326714.jpg 1 0 0 45 45
p/1580291321419.jpg 1 0 0 42 42
p/1580291314697.jpg 1 0 0 35 35
p/1580291310019.jpg 1 0 0 32 32
p/1580291305477.jpg 1 0 0 30 30
p/1580291294450.jpg 1 0 0 25 25
p/1580291220656.jpg 1 0 0 25 25
p/1580291213918.jpg 1 0 0 24 24
p/1580291176126.jpg 1 0 0 22 22
p/1580291166430.jpg 1 0 0 21 21
p/1580291162152.jpg 1 0 0 21 21
p/1580291158726.jpg 1 0 0 21 21
p/1580291154646.jpg 1 0 0 19 19
p/1580291150262.jpg 1 0 0 20 20
p/1580290999928.jpg 1 0 0 17 17
p/1580290553325.jpg 1 0 0 153 153
p/1580290525822.jpg 1 0 0 141 141
p/1580290503660.jpg 1 0 0 106 106
p/1580290468038.jpg 1 0 0 99 99
p/1580290461761.jpg 1 0 0 92 92
p/1580290384627.jpg 1 0 0 84 84
p/1580290380564.jpg 1 0 0 79 79
p/1580290375276.jpg 1 0 0 77 77
p/1580290367278.jpg 1 0 0 68 68
p/1580290360144.jpg 1 0 0 59 59
p/1580290350406.jpg 1 0 0 54 54
p/1580290346485.jpg 1 0 0 63 63
p/1580290341978.jpg 1 0 0 49 49
p/1580290338638.jpg 1 0 0 58 58
p/1580290333392.jpg 1 0 0 48 48
p/1580290329901.jpg 1 0 0 58 58
p/1580290325344.jpg 1 0 0 47 47
p/1580290321404.jpg 1 0 0 55 55
p/1580290234529.jpg 1 0 0 45 45
p/1580290230174.jpg 1 0 0 51 51
p/1580290222363.jpg 1 0 0 43 43
p/1580290214413.jpg 1 0 0 45 45
p/1580290189890.jpg 1 0 0 42 42
p/1580290185487.jpg 1 0 0 45 45
p/1580290176718.jpg 1 0 0 40 40
p/1580290172363.jpg 1 0 0 42 42
p/1580290164753.jpg 1 0 0 41 41
p/1580290160054.jpg 1 0 0 37 37
p/1580290155052.jpg 1 0 0 39 39
p/1580290151299.jpg 1 0 0 39 39
p/1580290139305.jpg 1 0 0 37 37
p/1580290135557.jpg 1 0 0 37 37
p/1580290129968.jpg 1 0 0 33 33
p/1580290125005.jpg 1 0 0 33 33
p/1580290113851.jpg 1 0 0 30 30
p/1580290108468.jpg 1 0 0 31 31
p/1580290099980.jpg 1 0 0 29 29
p/1580290090654.jpg 1 0 0 30 30
p/1580290085087.jpg 1 0 0 28 28
p/1580290070054.jpg 1 0 0 30 30
p/1580290064779.jpg 1 0 0 26 26
p/1580290061676.jpg 1 0 0 28 28
p/1580290047069.jpg 1 0 0 24 24
p/1580290041541.jpg 1 0 0 23 23
p/1580290027170.jpg 1 0 0 22 22
p/1580290022637.jpg 1 0 0 23 23
p/1580290017532.jpg 1 0 0 24 24
p/1580290012444.jpg 1 0 0 22 22
p/1580289998785.jpg 1 0 0 22 22
p/1580289994386.jpg 1 0 0 22 22
p/1580289984698.jpg 1 0 0 19 19
p/1580289979117.jpg 1 0 0 18 18
p/1580289961673.jpg 1 0 0 20 20
p/1580289957762.jpg 1 0 0 18 18
p/1580289952020.jpg 1 0 0 20 20
p/1580289948670.jpg 1 0 0 18 18
p/1580289942570.jpg 1 0 0 18 18
p/1580289938513.jpg 1 0 0 17 17
p/1580289921977.jpg 1 0 0 17 17
p/1580289918481.jpg 1 0 0 16 16
p/1580289897305.jpg 1 0 0 15 15
p/1580289550907.jpg 1 0 0 16 16