p/1581064199509.jpg 1 0 0 50 50
p/1581064199510.jpg 1 0 0 51 51
p/1581064199511.jpg 1 0 0 53 53
p/1581064199512.jpg 1 0 0 60 60
p/1581064199513.jpg 1 0 0 75 74
p/1581064199487.jpg 1 0 0 27 27
p/1581064199488.jpg 1 0 0 29 29
p/1581064199489.jpg 1 0 0 29 29
p/1581064199490.jpg 1 0 0 28 28
p/1581064199491.jpg 1 0 0 28 28
p/1581064199492.jpg 1 0 0 28 28
p/1581064199493.jpg 1 0 0 30 30
p/1581064199494.jpg 1 0 0 31 31
p/1581064199496.jpg 1 0 0 33 33
p/1581064199497.jpg 1 0 0 30 30
p/1581064199498.jpg 1 0 0 33 33
p/1581064199499.jpg 1 0 0 36 36
p/1581064199500.jpg 1 0 0 37 37
p/1581064199501.jpg 1 0 0 39 39
p/1581064199502.jpg 1 0 0 44 44
p/1581064199503.jpg 1 0 0 35 35
p/1581064199504.jpg 1 0 0 49 49
p/1581064199505.jpg 1 0 0 48 48
p/1581064199507.jpg 1 0 0 50 50
p/1581064199508.jpg 1 0 0 51 51
p/1581064199458.jpg 1 0 0 27 27
p/1581064199459.jpg 1 0 0 27 27
p/1581064199461.jpg 1 0 0 29 29
p/1581064199462.jpg 1 0 0 28 28
p/1581064199463.jpg 1 0 0 29 29
p/1581064199464.jpg 1 0 0 31 31
p/1581064199465.jpg 1 0 0 31 31
p/1581064199466.jpg 1 0 0 33 33
p/1581064199467.jpg 1 0 0 34 34
p/1581064199468.jpg 1 0 0 32 32
p/1581064199469.jpg 1 0 0 32 32
p/1581064199470.jpg 1 0 0 30 30
p/1581064199472.jpg 1 0 0 31 31
p/1581064199473.jpg 1 0 0 36 36
p/1581064199474.jpg 1 0 0 33 33
p/1581064199475.jpg 1 0 0 37 37
p/1581064199476.jpg 1 0 0 33 33
p/1581064199477.jpg 1 0 0 38 38
p/1581064199478.jpg 1 0 0 38 38
p/1581064199479.jpg 1 0 0 38 38
p/1581064199480.jpg 1 0 0 42 42
p/1581064199482.jpg 1 0 0 40 40
p/1581064199485.jpg 1 0 0 44 44
p/1581064199486.jpg 1 0 0 46 46
p/1581064199435.jpg 1 0 0 28 28
p/1581064199436.jpg 1 0 0 27 27
p/1581064199437.jpg 1 0 0 28 28
p/1581064199439.jpg 1 0 0 27 27
p/1581064199440.jpg 1 0 0 28 28
p/1581064199441.jpg 1 0 0 31 31
p/1581064199442.jpg 1 0 0 30 30
p/1581064199443.jpg 1 0 0 31 31
p/1581064199444.jpg 1 0 0 32 32
p/1581064199445.jpg 1 0 0 36 36
p/1581064199446.jpg 1 0 0 36 36
p/1581064199447.jpg 1 0 0 37 37
p/1581064199448.jpg 1 0 0 39 39
p/1581064199450.jpg 1 0 0 40 40
p/1581064199451.jpg 1 0 0 43 43
p/1581064199452.jpg 1 0 0 43 43
p/1581064199453.jpg 1 0 0 50 50
p/1581064199454.jpg 1 0 0 50 50
p/1581064199455.jpg 1 0 0 54 54
p/1581064199456.jpg 1 0 0 57 57
p/1581064199457.jpg 1 0 0 60 60
p/1581064199378.jpg 1 0 0 27 27
p/1581064199379.jpg 1 0 0 28 28
p/1581064199380.jpg 1 0 0 28 28
p/1581064199381.jpg 1 0 0 29 29
p/1581064199382.jpg 1 0 0 30 30
p/1581064199384.jpg 1 0 0 30 30
p/1581064199385.jpg 1 0 0 29 29
p/1581064199386.jpg 1 0 0 34 34
p/1581064199387.jpg 1 0 0 31 31
p/1581064199388.jpg 1 0 0 30 30
p/1581064199389.jpg 1 0 0 34 34
p/1581064199390.jpg 1 0 0 34 34
p/1581064199391.jpg 1 0 0 36 36
p/1581064199392.jpg 1 0 0 38 38
p/1581064199393.jpg 1 0 0 35 35
p/1581064199395.jpg 1 0 0 39 39
p/1581064199396.jpg 1 0 0 38 38
p/1581064199397.jpg 1 0 0 43 43
p/1581064199398.jpg 1 0 0 44 44
p/1581064199399.jpg 1 0 0 46 46
p/1581064199400.jpg 1 0 0 48 48
p/1581064199401.jpg 1 0 0 50 50
p/1581064199402.jpg 1 0 0 50 50
p/1581064199403.jpg 1 0 0 51 51
p/1581064199404.jpg 1 0 0 55 55
p/1581064199406.jpg 1 0 0 56 56
p/1581064199407.jpg 1 0 0 61 61
p/1581064199408.jpg 1 0 0 60 60
p/1581064199409.jpg 1 0 0 65 65
p/1581064199410.jpg 1 0 0 65 65
p/1581064199411.jpg 1 0 0 67 67
p/1581064199412.jpg 1 0 0 68 68
p/1581064199413.jpg 1 0 0 72 72
p/1581064199414.jpg 1 0 0 74 74
p/1581064199415.jpg 1 0 0 76 76
p/1581064199417.jpg 1 0 0 82 82
p/1581064199339.jpg 1 0 0 32 32
p/1581064199340.jpg 1 0 0 32 32
p/1581064199341.jpg 1 0 0 35 35
p/1581064199342.jpg 1 0 0 33 33
p/1581064199343.jpg 1 0 0 38 38
p/1581064199344.jpg 1 0 0 33 33
p/1581064199345.jpg 1 0 0 36 36
p/1581064199346.jpg 1 0 0 38 38
p/1581064199347.jpg 1 0 0 39 39
p/1581064199348.jpg 1 0 0 39 39
p/1581064199350.jpg 1 0 0 41 41
p/1581064199351.jpg 1 0 0 39 39
p/1581064199352.jpg 1 0 0 42 42
p/1581064199353.jpg 1 0 0 46 46
p/1581064199354.jpg 1 0 0 48 48
p/1581064199355.jpg 1 0 0 46 46
p/1581064199356.jpg 1 0 0 50 50
p/1581064199357.jpg 1 0 0 47 47
p/1581064199358.jpg 1 0 0 51 51
p/1581064199359.jpg 1 0 0 51 51
p/1581064199361.jpg 1 0 0 53 53
p/1581064199362.jpg 1 0 0 53 53
p/1581064199363.jpg 1 0 0 57 57
p/1581064199364.jpg 1 0 0 55 55
p/1581064199365.jpg 1 0 0 55 55
p/1581064199366.jpg 1 0 0 60 60
p/1581064199325.jpg 1 0 0 27 27
p/1581064199326.jpg 1 0 0 27 27
p/1581064199328.jpg 1 0 0 27 27
p/1581064199329.jpg 1 0 0 27 27
p/1581064199330.jpg 1 0 0 28 28
p/1581064199331.jpg 1 0 0 28 28
p/1581064199332.jpg 1 0 0 29 29
p/1581064199333.jpg 1 0 0 27 27
p/1581064199334.jpg 1 0 0 30 30
p/1581064199335.jpg 1 0 0 30 30
p/1581064199336.jpg 1 0 0 31 31
p/1581064199337.jpg 1 0 0 32 32
p/1581064199308.jpg 1 0 0 29 29
p/1581064199309.jpg 1 0 0 28 28
p/1581064199310.jpg 1 0 0 28 28
p/1581064199311.jpg 1 0 0 30 30
p/1581064199312.jpg 1 0 0 31 31
p/1581064199313.jpg 1 0 0 31 31
p/1581064199314.jpg 1 0 0 32 32
p/1581064199315.jpg 1 0 0 34 34
p/1581064199317.jpg 1 0 0 35 35
p/1581064199318.jpg 1 0 0 40 40
p/1581064199319.jpg 1 0 0 43 43
p/1581064199320.jpg 1 0 0 46 46
p/1581064199321.jpg 1 0 0 48 48
p/1581064199322.jpg 1 0 0 47 47
p/1581064199323.jpg 1 0 0 49 49
p/1581064199324.jpg 1 0 0 50 50
p/1581064199262.jpg 1 0 0 33 33
p/1581064199263.jpg 1 0 0 31 31
p/1581064199264.jpg 1 0 0 33 33
p/1581064199265.jpg 1 0 0 30 30
p/1581064199266.jpg 1 0 0 36 36
p/1581064199267.jpg 1 0 0 31 31
p/1581064199268.jpg 1 0 0 35 35
p/1581064199269.jpg 1 0 0 36 36
p/1581064199270.jpg 1 0 0 37 37
p/1581064199271.jpg 1 0 0 34 34
p/1581064199273.jpg 1 0 0 40 40
p/1581064199274.jpg 1 0 0 36 36
p/1581064199275.jpg 1 0 0 41 41
p/1581064199276.jpg 1 0 0 37 37
p/1581064199277.jpg 1 0 0 45 45
p/1581064199278.jpg 1 0 0 42 42
p/1581064199279.jpg 1 0 0 48 48
p/1581064199280.jpg 1 0 0 40 40
p/1581064199281.jpg 1 0 0 50 50
p/1581064199282.jpg 1 0 0 41 41
p/1581064199284.jpg 1 0 0 53 53
p/1581064199285.jpg 1 0 0 46 46
p/1581064199286.jpg 1 0 0 54 54
p/1581064199287.jpg 1 0 0 56 56
p/1581064199288.jpg 1 0 0 57 57
p/1581064199289.jpg 1 0 0 59 59
p/1581064199290.jpg 1 0 0 61 61
p/1581064199291.jpg 1 0 0 62 62
p/1581064199292.jpg 1 0 0 65 65
p/1581064199293.jpg 1 0 0 68 68
p/1581064199579.jpg 1 0 0 26 26
p/1581064199580.jpg 1 0 0 27 27
p/1581064199581.jpg 1 0 0 28 28
p/1581064199582.jpg 1 0 0 28 28
p/1581064199583.jpg 1 0 0 28 28
p/1581064199585.jpg 1 0 0 28 28
p/1581064199586.jpg 1 0 0 29 29
p/1581064199587.jpg 1 0 0 28 28
p/1581064199588.jpg 1 0 0 28 28
p/1581064199589.jpg 1 0 0 29 29
p/1581064199590.jpg 1 0 0 30 30
p/1581064199591.jpg 1 0 0 29 29
p/1581064199592.jpg 1 0 0 29 29
p/1581064199593.jpg 1 0 0 31 31
p/1581064199594.jpg 1 0 0 30 30
p/1581064199525.jpg 1 0 0 28 28
p/1581064199526.jpg 1 0 0 29 29
p/1581064199527.jpg 1 0 0 28 28
p/1581064199528.jpg 1 0 0 27 27
p/1581064199530.jpg 1 0 0 29 29
p/1581064199531.jpg 1 0 0 28 28
p/1581064199532.jpg 1 0 0 29 29
p/1581064199533.jpg 1 0 0 27 27
p/1581064199534.jpg 1 0 0 30 30
p/1581064199535.jpg 1 0 0 29 29
p/1581064199536.jpg 1 0 0 31 31
p/1581064199537.jpg 1 0 0 30 30
p/1581064199538.jpg 1 0 0 32 32
p/1581064199539.jpg 1 0 0 30 30
p/1581064199541.jpg 1 0 0 31 31
p/1581064199542.jpg 1 0 0 30 30
p/1581064199543.jpg 1 0 0 31 31
p/1581064199544.jpg 1 0 0 33 33
p/1581064199545.jpg 1 0 0 34 34
p/1581064199546.jpg 1 0 0 30 30
p/1581064199547.jpg 1 0 0 35 35
p/1581064199548.jpg 1 0 0 31 31
p/1581064199549.jpg 1 0 0 36 36
p/1581064199550.jpg 1 0 0 36 36
p/1581064199552.jpg 1 0 0 37 37
p/1581064199553.jpg 1 0 0 36 36
p/1581064199554.jpg 1 0 0 43 43
p/1581064199555.jpg 1 0 0 42 42
p/1581064199556.jpg 1 0 0 44 44
p/1581064199557.jpg 1 0 0 45 45
p/1581064199558.jpg 1 0 0 48 48
p/1581064199559.jpg 1 0 0 49 49
p/1581064199560.jpg 1 0 0 50 50
p/1581064199561.jpg 1 0 0 48 48
p/1581064199563.jpg 1 0 0 51 51
p/1581064199564.jpg 1 0 0 54 54
p/1581064199565.jpg 1 0 0 55 55
p/1581064199566.jpg 1 0 0 55 55
p/1581064199567.jpg 1 0 0 57 57
p/1581064199568.jpg 1 0 0 58 58
p/1581064199569.jpg 1 0 0 60 60
p/1581064199570.jpg 1 0 0 62 62
p/1581064199571.jpg 1 0 0 64 64
p/1581064199572.jpg 1 0 0 66 66
p/1581064199574.jpg 1 0 0 66 66
p/1581064199524.jpg 1 0 0 27 27
p/1581064199327.jpg 1 0 0 35 35
p/1581064199338.jpg 1 0 0 43 43
p/1581064199349.jpg 1 0 0 36 36
p/1581064199360.jpg 1 0 0 47 47
p/1581064199372.jpg 1 0 0 38 38
p/1581064199383.jpg 1 0 0 50 50
p/1581064199394.jpg 1 0 0 37 37
p/1581064199405.jpg 1 0 0 52 52
p/1581064199416.jpg 1 0 0 37 37
p/1581064199427.jpg 1 0 0 52 52
p/1581064199438.jpg 1 0 0 46 46
p/1581064199449.jpg 1 0 0 58 58
p/1581064199460.jpg 1 0 0 64 64
p/1581064199471.jpg 1 0 0 69 69
p/1581064199484.jpg 1 0 0 75 75
p/1581064199495.jpg 1 0 0 82 82
p/1581064199506.jpg 1 0 0 87 87
p/1581064199260.jpg 1 0 0 28 28
p/1581064199261.jpg 1 0 0 37 37
p/1581064199272.jpg 1 0 0 33 33
p/1581064199283.jpg 1 0 0 37 37
p/1581064199294.jpg 1 0 0 33 33
p/1581064199305.jpg 1 0 0 38 38
p/1581064199316.jpg 1 0 0 36 36
p/1581064199371.jpg 1 0 0 28 28
p/1581064199483.jpg 1 0 0 28 28
p/1581064199529.jpg 1 0 0 28 28
p/1581064199540.jpg 1 0 0 29 29
p/1581064199551.jpg 1 0 0 30 30
p/1581064199562.jpg 1 0 0 31 31
p/1581064199573.jpg 1 0 0 33 33
p/1581064199584.jpg 1 0 0 31 31
p/crop1.jpg 1 0 0 28 28
p/1581064199522.jpg 1 0 0 27 27
p/1581064199514.jpg 1 0 0 43 43
p/1581064199515.jpg 1 0 0 44 44
p/1581064199516.jpg 1 0 0 47 47
p/1581064199518.jpg 1 0 0 50 50
p/1581064199519.jpg 1 0 0 50 50
p/1581064199520.jpg 1 0 0 55 55
p/1581064199521.jpg 1 0 0 62 62
p/1581064199433.jpg 1 0 0 73 73
p/1581064199434.jpg 1 0 0 77 77
p/1581064199418.jpg 1 0 0 47 47
p/1581064199419.jpg 1 0 0 48 48
p/1581064199420.jpg 1 0 0 50 50
p/1581064199421.jpg 1 0 0 51 51
p/1581064199422.jpg 1 0 0 52 52
p/1581064199423.jpg 1 0 0 57 57
p/1581064199424.jpg 1 0 0 56 56
p/1581064199425.jpg 1 0 0 59 59
p/1581064199426.jpg 1 0 0 60 60
p/1581064199428.jpg 1 0 0 62 62
p/1581064199429.jpg 1 0 0 65 65
p/1581064199430.jpg 1 0 0 66 66
p/1581064199431.jpg 1 0 0 66 66
p/1581064199432.jpg 1 0 0 73 73
p/1581064199367.jpg 1 0 0 53 53
p/1581064199368.jpg 1 0 0 53 53
p/1581064199369.jpg 1 0 0 51 51
p/1581064199370.jpg 1 0 0 53 53
p/1581064199373.jpg 1 0 0 51 51
p/1581064199374.jpg 1 0 0 54 54
p/1581064199375.jpg 1 0 0 53 53
p/1581064199376.jpg 1 0 0 58 58
p/1581064199377.jpg 1 0 0 60 60
p/1581064199295.jpg 1 0 0 50 50
p/1581064199296.jpg 1 0 0 40 40
p/1581064199297.jpg 1 0 0 51 51
p/1581064199298.jpg 1 0 0 48 48
p/1581064199299.jpg 1 0 0 52 52
p/1581064199300.jpg 1 0 0 54 54
p/1581064199301.jpg 1 0 0 55 55
p/1581064199302.jpg 1 0 0 56 56
p/1581064199303.jpg 1 0 0 59 59
p/1581064199304.jpg 1 0 0 63 63
p/1581064199306.jpg 1 0 0 61 61
p/1581064199307.jpg 1 0 0 58 58
p/1581064199575.jpg 1 0 0 64 64
p/1581064199576.jpg 1 0 0 63 63
p/1581064199577.jpg 1 0 0 65 65
p/1581064199578.jpg 1 0 0 64 64
p/1581064199517.jpg 1 0 0 78 78
p/1581064199523.jpg 1 0 0 81 81
p/1580299161217.jpg 1 0 0 44 44
p/1580299156166.jpg 1 0 0 45 45
p/1580299149328.jpg 1 0 0 40 40
p/1580299145441.jpg 1 0 0 41 41
p/1580298423904.jpg 1 0 0 30 30
p/1580298421053.jpg 1 0 0 23 23
p/1580298414070.jpg 1 0 0 25 25
p/1580298410991.jpg 1 0 0 24 24
p/1580298304148.jpg 1 0 0 21 21
p/1580297618653.jpg 1 0 0 41 41
p/1580297431252.jpg 1 0 0 43 43
p/1580297427982.jpg 1 0 0 40 40
p/1580297419806.jpg 1 0 0 33 33
p/1580297416341.jpg 1 0 0 30 30
p/1580297361119.jpg 1 0 0 31 31
p/1580297357866.jpg 1 0 0 29 29
p/1580297350395.jpg 1 0 0 23 23
p/1580297346863.jpg 1 0 0 21 21
p/1580297342504.jpg 1 0 0 21 21
p/1580297338590.jpg 1 0 0 23 23
p/1580297179000.jpg 1 0 0 17 17
p/1580297175190.jpg 1 0 0 19 19
p/1580296577468.jpg 1 0 0 30 30
p/1580296573366.jpg 1 0 0 28 28
p/1580296565723.jpg 1 0 0 29 29
p/1580296562644.jpg 1 0 0 27 27
p/1580296559825.jpg 1 0 0 28 28
p/1580296556054.jpg 1 0 0 26 26
p/1580295052547.jpg 1 0 0 56 56
p/1580295043135.jpg 1 0 0 48 48
p/1580295038633.jpg 1 0 0 45 45
p/1580295035341.jpg 1 0 0 48 48
p/1580295031892.jpg 1 0 0 43 43
p/1580295028599.jpg 1 0 0 44 44
p/1580295023881.jpg 1 0 0 43 43
p/1580295020270.jpg 1 0 0 37 37
p/1580295015433.jpg 1 0 0 39 39
p/1580295011782.jpg 1 0 0 37 37
p/1580295002020.jpg 1 0 0 34 34
p/1580294997657.jpg 1 0 0 30 30
p/1580294598299.jpg 1 0 0 31 31
p/1580294595250.jpg 1 0 0 30 30
p/1580294591008.jpg 1 0 0 32 32
p/1580294588380.jpg 1 0 0 31 31
p/1580294244218.jpg 1 0 0 31 31
p/1580294194458.jpg 1 0 0 28 28
p/1580294190641.jpg 1 0 0 28 28
p/1580294180969.jpg 1 0 0 26 26
p/1580294177777.jpg 1 0 0 27 27
p/1580294172098.jpg 1 0 0 26 26
p/1580294168926.jpg 1 0 0 26 26
p/1580294165507.jpg 1 0 0 24 24
p/1580294162078.jpg 1 0 0 24 24
p/1580294156503.jpg 1 0 0 26 26
p/1580294151634.jpg 1 0 0 25 25
p/1580294145717.jpg 1 0 0 22 22
p/1580294141894.jpg 1 0 0 23 23
p/1580294139147.jpg 1 0 0 23 23
p/1580294135217.jpg 1 0 0 22 22
p/1580294132221.jpg 1 0 0 21 21
p/1580294129053.jpg 1 0 0 18 18
p/1580294124286.jpg 1 0 0 24 24
p/1580292590961.jpg 1 0 0 68 68
p/1580292586381.jpg 1 0 0 57 57
p/1580292566745.jpg 1 0 0 53 53
p/1580292562680.jpg 1 0 0 50 50
p/1580292556248.jpg 1 0 0 46 46
p/1580292549695.jpg 1 0 0 36 36
p/1580292422284.jpg 1 0 0 36 36
p/1580292418343.jpg 1 0 0 42 42
p/1580292386724.jpg 1 0 0 31 31
p/1580292379475.jpg 1 0 0 33 33
p/1580292367814.jpg 1 0 0 31 31
p/1580292363214.jpg 1 0 0 31 31
p/1580292359250.jpg 1 0 0 29 29
p/1580292354102.jpg 1 0 0 30 30
p/1580292350316.jpg 1 0 0 29 29
p/1580292346030.jpg 1 0 0 27 27
p/1580292342007.jpg 1 0 0 27 27
p/1580292338361.jpg 1 0 0 27 27
p/1580292333191.jpg 1 0 0 26 26
p/1580292329925.jpg 1 0 0 27 27
p/1580292325469.jpg 1 0 0 26 26
p/1580292321308.jpg 1 0 0 24 24
p/1580292314300.jpg 1 0 0 26 26
p/1580292309514.jpg 1 0 0 23 23
p/1580292293597.jpg 1 0 0 24 24
p/1580292288910.jpg 1 0 0 24 24
p/1580292266923.jpg 1 0 0 23 23
p/1580292263301.jpg 1 0 0 23 23
p/1580292258226.jpg 1 0 0 23 23
p/1580292255178.jpg 1 0 0 22 22
p/1580292251140.jpg 1 0 0 20 20
p/1580292247790.jpg 1 0 0 23 23
p/1580292243838.jpg 1 0 0 24 24
p/1580292240143.jpg 1 0 0 20 20
p/1580292183598.jpg 1 0 0 21 21
p/1580292179670.jpg 1 0 0 19 19
p/1580290553325.jpg 1 0 0 153 153
p/1580290525822.jpg 1 0 0 141 141
p/1580290503660.jpg 1 0 0 106 106
p/1580290468038.jpg 1 0 0 99 99
p/1580290461761.jpg 1 0 0 92 92
p/1580290384627.jpg 1 0 0 84 84
p/1580290380564.jpg 1 0 0 79 79
p/1580290375276.jpg 1 0 0 77 77
p/1580290367278.jpg 1 0 0 68 68
p/1580290360144.jpg 1 0 0 59 59
p/1580290350406.jpg 1 0 0 54 54
p/1580290346485.jpg 1 0 0 63 63
p/1580290341978.jpg 1 0 0 49 49
p/1580290338638.jpg 1 0 0 58 58
p/1580290333392.jpg 1 0 0 48 48
p/1580290329901.jpg 1 0 0 58 58
p/1580290325344.jpg 1 0 0 47 47
p/1580290321404.jpg 1 0 0 55 55
p/1580290234529.jpg 1 0 0 45 45
p/1580290230174.jpg 1 0 0 51 51
p/1580290222363.jpg 1 0 0 43 43
p/1580290214413.jpg 1 0 0 45 45
p/1580290189890.jpg 1 0 0 42 42
p/1580290185487.jpg 1 0 0 45 45
p/1580290176718.jpg 1 0 0 40 40
p/1580290172363.jpg 1 0 0 42 42
p/1580290164753.jpg 1 0 0 41 41
p/1580290160054.jpg 1 0 0 37 37
p/1580290155052.jpg 1 0 0 39 39
p/1580290151299.jpg 1 0 0 39 39
p/1580290139305.jpg 1 0 0 37 37
p/1580290135557.jpg 1 0 0 37 37
p/1580290129968.jpg 1 0 0 33 33
p/1580290125005.jpg 1 0 0 33 33
p/1580290113851.jpg 1 0 0 30 30
p/1580290108468.jpg 1 0 0 31 31
p/1580290099980.jpg 1 0 0 29 29
p/1580290090654.jpg 1 0 0 30 30
p/1580290085087.jpg 1 0 0 28 28
p/1580290070054.jpg 1 0 0 30 30
p/1580290064779.jpg 1 0 0 26 26
p/1580290061676.jpg 1 0 0 28 28
p/1580290047069.jpg 1 0 0 24 24
p/1580290041541.jpg 1 0 0 23 23
p/1580290027170.jpg 1 0 0 22 22
p/1580290022637.jpg 1 0 0 23 23
p/1580290017532.jpg 1 0 0 24 24
p/1580290012444.jpg 1 0 0 22 22
p/1580289998785.jpg 1 0 0 22 22
p/1580289994386.jpg 1 0 0 22 22
p/1580289984698.jpg 1 0 0 19 19
p/1580289979117.jpg 1 0 0 18 18
p/1580289961673.jpg 1 0 0 20 20
p/1580289957762.jpg 1 0 0 18 18
p/1580289952020.jpg 1 0 0 20 20
p/1580289948670.jpg 1 0 0 18 18
p/1580289942570.jpg 1 0 0 18 18
p/1580289938513.jpg 1 0 0 17 17
p/1580289921977.jpg 1 0 0 17 17
p/1580289918481.jpg 1 0 0 16 16
p/1580289897305.jpg 1 0 0 15 15
p/00005_00019_00000.png 1 0 0 30 30
p/00005_00019_00001.png 1 0 0 31 30
p/00005_00019_00002.png 1 0 0 30 30
p/00005_00019_00003.png 1 0 0 32 32
p/00005_00019_00004.png 1 0 0 33 32
p/00005_00019_00005.png 1 0 0 33 34
p/00005_00019_00006.png 1 0 0 35 34
p/00005_00019_00007.png 1 0 0 35 34
p/00005_00019_00008.png 1 0 0 33 33
p/00005_00019_00009.png 1 0 0 35 35
p/00005_00019_00010.png 1 0 0 37 36
p/00005_00019_00011.png 1 0 0 38 38
p/00005_00019_00012.png 1 0 0 37 38
p/00005_00019_00013.png 1 0 0 39 39
p/00005_00019_00014.png 1 0 0 39 40
p/00005_00019_00015.png 1 0 0 41 41
p/00005_00019_00016.png 1 0 0 43 44
p/00005_00019_00017.png 1 0 0 44 45
p/00005_00019_00018.png 1 0 0 46 45
p/00005_00019_00019.png 1 0 0 48 48
p/00005_00019_00020.png 1 0 0 49 48
p/00005_00019_00021.png 1 0 0 50 49
p/00005_00019_00022.png 1 0 0 52 52
p/00005_00019_00023.png 1 0 0 53 53
p/00005_00019_00024.png 1 0 0 55 55
p/00005_00019_00025.png 1 0 0 62 60
p/00005_00019_00026.png 1 0 0 64 62
p/00005_00019_00027.png 1 0 0 70 67
p/00005_00019_00028.png 1 0 0 72 70
p/00005_00019_00029.png 1 0 0 80 75
p/00005_00021_00000.png 1 0 0 30 30
p/00005_00021_00001.png 1 0 0 30 29
p/00005_00021_00002.png 1 0 0 30 31
p/00005_00021_00003.png 1 0 0 30 30
p/00005_00021_00004.png 1 0 0 31 32
p/00005_00021_00005.png 1 0 0 32 32
p/00005_00021_00006.png 1 0 0 32 34
p/00005_00021_00007.png 1 0 0 33 34
p/00005_00021_00008.png 1 0 0 34 35
p/00005_00021_00009.png 1 0 0 35 35
p/00005_00021_00010.png 1 0 0 35 36
p/00005_00021_00011.png 1 0 0 37 37
p/00005_00021_00012.png 1 0 0 38 37
p/00005_00021_00013.png 1 0 0 39 38
p/00005_00021_00014.png 1 0 0 38 38
p/00005_00021_00015.png 1 0 0 41 40
p/00005_00021_00016.png 1 0 0 43 42
p/00005_00021_00017.png 1 0 0 43 44
p/00005_00021_00018.png 1 0 0 45 45
p/00005_00021_00019.png 1 0 0 45 45
p/00005_00021_00020.png 1 0 0 47 47
p/00005_00021_00021.png 1 0 0 47 47
p/00005_00021_00022.png 1 0 0 49 49
p/00005_00021_00023.png 1 0 0 51 51
p/00005_00021_00024.png 1 0 0 54 55
p/00005_00021_00025.png 1 0 0 55 57
p/00005_00021_00026.png 1 0 0 57 58
p/00005_00021_00027.png 1 0 0 59 61
p/00005_00021_00028.png 1 0 0 63 65
p/00005_00021_00029.png 1 0 0 72 72
p/00005_00031_00000.png 1 0 0 26 27
p/00005_00031_00001.png 1 0 0 27 28
p/00005_00031_00002.png 1 0 0 27 29
p/00005_00031_00003.png 1 0 0 27 29
p/00005_00031_00004.png 1 0 0 27 28
p/00005_00031_00005.png 1 0 0 28 28
p/00005_00031_00006.png 1 0 0 27 28
p/00005_00031_00007.png 1 0 0 29 29
p/00005_00031_00008.png 1 0 0 31 31
p/00005_00031_00009.png 1 0 0 31 32
p/00005_00031_00010.png 1 0 0 30 32
p/00005_00031_00011.png 1 0 0 31 31
p/00005_00031_00012.png 1 0 0 32 33
p/00005_00031_00013.png 1 0 0 33 32
p/00005_00031_00014.png 1 0 0 33 33
p/00005_00031_00015.png 1 0 0 34 34
p/00005_00031_00016.png 1 0 0 36 37
p/00005_00031_00017.png 1 0 0 37 39
p/00005_00031_00018.png 1 0 0 38 39
p/00005_00031_00019.png 1 0 0 39 41
p/00005_00031_00020.png 1 0 0 41 42
p/00005_00031_00021.png 1 0 0 43 44
p/00005_00031_00022.png 1 0 0 45 45
p/00005_00031_00023.png 1 0 0 45 47
p/00005_00031_00024.png 1 0 0 48 50
p/00005_00031_00025.png 1 0 0 49 52
p/00005_00031_00026.png 1 0 0 54 55
p/00005_00031_00027.png 1 0 0 57 59
p/00005_00031_00028.png 1 0 0 59 61
p/00005_00031_00029.png 1 0 0 64 69
p/00005_00041_00000.png 1 0 0 25 26
p/00005_00041_00001.png 1 0 0 27 27
p/00005_00041_00002.png 1 0 0 28 28
p/00005_00041_00003.png 1 0 0 27 29
p/00005_00041_00004.png 1 0 0 28 29
p/00005_00041_00005.png 1 0 0 29 28
p/00005_00041_00006.png 1 0 0 29 29
p/00005_00041_00007.png 1 0 0 31 31
p/00005_00041_00008.png 1 0 0 32 32
p/00005_00041_00009.png 1 0 0 33 33
p/00005_00041_00010.png 1 0 0 34 35
p/00005_00041_00011.png 1 0 0 33 34
p/00005_00041_00012.png 1 0 0 35 34
p/00005_00041_00013.png 1 0 0 35 36
p/00005_00041_00014.png 1 0 0 36 35
p/00005_00041_00015.png 1 0 0 37 38
p/00005_00041_00016.png 1 0 0 39 40
p/00005_00041_00017.png 1 0 0 39 39
p/00005_00041_00018.png 1 0 0 40 42
p/00005_00041_00019.png 1 0 0 43 44
p/00005_00041_00020.png 1 0 0 46 46
p/00005_00041_00021.png 1 0 0 47 48
p/00005_00041_00022.png 1 0 0 49 51
p/00005_00041_00023.png 1 0 0 50 54
p/00005_00041_00024.png 1 0 0 53 55
p/00005_00041_00025.png 1 0 0 58 60
p/00005_00041_00026.png 1 0 0 61 63
p/00005_00041_00027.png 1 0 0 62 68
p/00005_00041_00028.png 1 0 0 68 72
p/00005_00041_00029.png 1 0 0 76 83
p/00005_00042_00000.png 1 0 0 29 30
p/00005_00042_00001.png 1 0 0 30 31
p/00005_00042_00002.png 1 0 0 32 32
p/00005_00042_00003.png 1 0 0 31 32
p/00005_00042_00004.png 1 0 0 32 33
p/00005_00042_00005.png 1 0 0 32 34
p/00005_00042_00006.png 1 0 0 33 35
p/00005_00042_00007.png 1 0 0 35 35
p/00005_00042_00008.png 1 0 0 34 35
p/00005_00042_00009.png 1 0 0 35 36
p/00005_00042_00010.png 1 0 0 35 37
p/00005_00042_00011.png 1 0 0 36 37
p/00005_00042_00012.png 1 0 0 37 39
p/00005_00042_00013.png 1 0 0 38 39
p/00005_00042_00014.png 1 0 0 40 41
p/00005_00042_00015.png 1 0 0 43 43
p/00005_00042_00016.png 1 0 0 44 45
p/00005_00042_00017.png 1 0 0 44 45
p/00005_00042_00018.png 1 0 0 46 48
p/00005_00042_00019.png 1 0 0 49 49
p/00005_00042_00020.png 1 0 0 49 50
p/00005_00042_00021.png 1 0 0 51 52
p/00005_00042_00022.png 1 0 0 55 56
p/00005_00042_00023.png 1 0 0 60 61
p/00005_00042_00024.png 1 0 0 61 62
p/00005_00042_00025.png 1 0 0 68 71
p/00005_00042_00026.png 1 0 0 69 73
p/00005_00042_00027.png 1 0 0 75 81
p/00005_00042_00028.png 1 0 0 87 91
p/00005_00042_00029.png 1 0 0 93 99
p/00005_00045_00000.png 1 0 0 26 25
p/00005_00045_00001.png 1 0 0 27 27
p/00005_00045_00002.png 1 0 0 27 26
p/00005_00045_00003.png 1 0 0 28 27
p/00005_00045_00004.png 1 0 0 29 29
p/00005_00045_00005.png 1 0 0 30 29
p/00005_00045_00006.png 1 0 0 32 29
p/00005_00045_00007.png 1 0 0 33 31
p/00005_00045_00008.png 1 0 0 33 31
p/00005_00045_00009.png 1 0 0 34 33
p/00005_00045_00010.png 1 0 0 35 33
p/00005_00045_00011.png 1 0 0 35 35
p/00005_00045_00012.png 1 0 0 35 34
p/00005_00045_00013.png 1 0 0 36 36
p/00005_00045_00014.png 1 0 0 38 35
p/00005_00045_00015.png 1 0 0 39 36
p/00005_00045_00016.png 1 0 0 40 38
p/00005_00045_00017.png 1 0 0 41 40
p/00005_00045_00018.png 1 0 0 43 42
p/00005_00045_00019.png 1 0 0 43 43
p/00005_00045_00020.png 1 0 0 47 45
p/00005_00045_00021.png 1 0 0 49 47
p/00005_00045_00022.png 1 0 0 50 50
p/00005_00045_00023.png 1 0 0 53 51
p/00005_00045_00024.png 1 0 0 56 54
p/00005_00045_00025.png 1 0 0 61 60
p/00005_00045_00026.png 1 0 0 64 62
p/00005_00045_00027.png 1 0 0 73 71
p/00005_00045_00028.png 1 0 0 83 81
p/00005_00045_00029.png 1 0 0 92 85
p/00005_00047_00000.png 1 0 0 29 28
p/00005_00047_00001.png 1 0 0 30 29
p/00005_00047_00002.png 1 0 0 30 29
p/00005_00047_00003.png 1 0 0 30 31
p/00005_00047_00004.png 1 0 0 30 31
p/00005_00047_00005.png 1 0 0 32 31
p/00005_00047_00006.png 1 0 0 32 33
p/00005_00047_00007.png 1 0 0 33 32
p/00005_00047_00008.png 1 0 0 34 34
p/00005_00047_00009.png 1 0 0 34 35
p/00005_00047_00010.png 1 0 0 34 36
p/00005_00047_00011.png 1 0 0 35 35
p/00005_00047_00012.png 1 0 0 36 38
p/00005_00047_00013.png 1 0 0 38 38
p/00005_00047_00014.png 1 0 0 38 38
p/00005_00047_00015.png 1 0 0 40 42
p/00005_00047_00016.png 1 0 0 42 42
p/00005_00047_00017.png 1 0 0 44 45
p/00005_00047_00018.png 1 0 0 44 46
p/00005_00047_00019.png 1 0 0 49 49
p/00005_00047_00020.png 1 0 0 49 51
p/00005_00047_00021.png 1 0 0 52 53
p/00005_00047_00022.png 1 0 0 55 57
p/00005_00047_00023.png 1 0 0 57 61
p/00005_00047_00024.png 1 0 0 60 61
p/00005_00047_00025.png 1 0 0 64 67
p/00005_00047_00026.png 1 0 0 70 74
p/00005_00047_00027.png 1 0 0 76 81
p/00005_00047_00028.png 1 0 0 84 88
p/00005_00047_00029.png 1 0 0 95 100
p/00005_00058_00000.png 1 0 0 25 26
p/00005_00058_00001.png 1 0 0 27 26
p/00005_00058_00002.png 1 0 0 28 28
p/00005_00058_00003.png 1 0 0 27 29
p/00005_00058_00004.png 1 0 0 29 29
p/00005_00058_00005.png 1 0 0 28 29
p/00005_00058_00006.png 1 0 0 29 29
p/00005_00058_00007.png 1 0 0 30 29
p/00005_00058_00008.png 1 0 0 30 30
p/00005_00058_00009.png 1 0 0 30 29
p/00005_00058_00010.png 1 0 0 31 31
p/00005_00058_00011.png 1 0 0 32 31
p/00005_00058_00012.png 1 0 0 32 32
p/00005_00058_00013.png 1 0 0 32 32
p/00005_00058_00014.png 1 0 0 35 33
p/00005_00058_00015.png 1 0 0 34 34
p/00005_00058_00016.png 1 0 0 37 37
p/00005_00058_00017.png 1 0 0 39 38
p/00005_00058_00018.png 1 0 0 40 41
p/00005_00058_00019.png 1 0 0 43 43
p/00005_00058_00020.png 1 0 0 45 46
p/00005_00058_00021.png 1 0 0 47 48
p/00005_00058_00022.png 1 0 0 50 51
p/00005_00058_00023.png 1 0 0 52 53
p/00005_00058_00024.png 1 0 0 56 59
p/00005_00058_00025.png 1 0 0 62 65
p/00005_00058_00026.png 1 0 0 69 74
p/00005_00058_00027.png 1 0 0 75 81
p/00005_00058_00028.png 1 0 0 87 97
p/00005_00058_00029.png 1 0 0 106 117
p/00005_00059_00000.png 1 0 0 28 27
p/00005_00059_00001.png 1 0 0 28 27
p/00005_00059_00002.png 1 0 0 28 28
p/00005_00059_00003.png 1 0 0 28 28
p/00005_00059_00004.png 1 0 0 28 28
p/00005_00059_00005.png 1 0 0 29 29
p/00005_00059_00006.png 1 0 0 31 29
p/00005_00059_00007.png 1 0 0 32 30
p/00005_00059_00008.png 1 0 0 32 32
p/00005_00059_00009.png 1 0 0 32 31
p/00005_00059_00010.png 1 0 0 33 32
p/00005_00059_00011.png 1 0 0 34 33
p/00005_00059_00012.png 1 0 0 36 35
p/00005_00059_00013.png 1 0 0 38 36
p/00005_00059_00014.png 1 0 0 39 37
p/00005_00059_00015.png 1 0 0 39 38
p/00005_00059_00016.png 1 0 0 41 40
p/00005_00059_00017.png 1 0 0 42 40
p/00005_00059_00018.png 1 0 0 43 42
p/00005_00059_00019.png 1 0 0 45 44
p/00005_00059_00020.png 1 0 0 48 47
p/00005_00059_00021.png 1 0 0 50 49
p/00005_00059_00022.png 1 0 0 53 52
p/00005_00059_00023.png 1 0 0 57 55
p/00005_00059_00024.png 1 0 0 61 59
p/00005_00059_00025.png 1 0 0 67 64
p/00005_00059_00026.png 1 0 0 74 72
p/00005_00059_00027.png 1 0 0 83 82
p/00005_00059_00028.png 1 0 0 88 87
p/00005_00059_00029.png 1 0 0 104 101
p/00005_00000_00000.png 1 0 0 29 30
p/00005_00000_00001.png 1 0 0 30 32
p/00005_00000_00002.png 1 0 0 31 31
p/00005_00000_00003.png 1 0 0 32 32
p/00005_00000_00004.png 1 0 0 31 32
p/00005_00000_00005.png 1 0 0 33 33
p/00005_00000_00006.png 1 0 0 32 33
p/00005_00000_00007.png 1 0 0 34 35
p/00005_00000_00008.png 1 0 0 34 34
p/00005_00000_00009.png 1 0 0 33 33
p/00005_00000_00010.png 1 0 0 36 38
p/00005_00000_00011.png 1 0 0 35 38
p/00005_00000_00012.png 1 0 0 37 40
p/00005_00000_00013.png 1 0 0 38 40
p/00005_00000_00014.png 1 0 0 39 41
p/00005_00000_00015.png 1 0 0 41 42
p/00005_00000_00016.png 1 0 0 41 42
p/00005_00000_00017.png 1 0 0 42 45
p/00005_00000_00018.png 1 0 0 44 46
p/00005_00000_00019.png 1 0 0 47 48
p/00005_00000_00020.png 1 0 0 48 49
p/00005_00000_00021.png 1 0 0 51 51
p/00005_00000_00022.png 1 0 0 51 52
p/00005_00000_00023.png 1 0 0 55 57
p/00005_00000_00024.png 1 0 0 58 59
p/00005_00000_00025.png 1 0 0 63 63
p/00005_00000_00026.png 1 0 0 67 68
p/00005_00000_00027.png 1 0 0 72 75
p/00005_00000_00028.png 1 0 0 81 85
p/00005_00000_00029.png 1 0 0 84 88
p/00005_00004_00000.png 1 0 0 26 28
p/00005_00004_00001.png 1 0 0 26 28
p/00005_00004_00002.png 1 0 0 27 27
p/00005_00004_00003.png 1 0 0 27 26
p/00005_00004_00004.png 1 0 0 27 27
p/00005_00004_00005.png 1 0 0 28 29
p/00005_00004_00006.png 1 0 0 30 30
p/00005_00004_00007.png 1 0 0 31 31
p/00005_00004_00008.png 1 0 0 32 33
p/00005_00004_00009.png 1 0 0 32 33
p/00005_00004_00010.png 1 0 0 33 35
p/00005_00004_00011.png 1 0 0 34 37
p/00005_00004_00012.png 1 0 0 35 38
p/00005_00004_00013.png 1 0 0 35 38
p/00005_00004_00014.png 1 0 0 35 38
p/00005_00004_00015.png 1 0 0 37 39
p/00005_00004_00016.png 1 0 0 37 39
p/00005_00004_00017.png 1 0 0 39 42
p/00005_00004_00018.png 1 0 0 40 43
p/00005_00004_00019.png 1 0 0 42 44
p/00005_00004_00020.png 1 0 0 45 46
p/00005_00004_00021.png 1 0 0 48 49
p/00005_00004_00022.png 1 0 0 50 51
p/00005_00004_00023.png 1 0 0 52 54
p/00005_00004_00024.png 1 0 0 54 58
p/00005_00004_00025.png 1 0 0 60 62
p/00005_00004_00026.png 1 0 0 64 69
p/00005_00004_00027.png 1 0 0 71 76
p/00005_00004_00028.png 1 0 0 75 81
p/00005_00004_00029.png 1 0 0 86 93